level=info ts=2020-05-03T14:34:15.3109851Z caller=main.go:222 msg="Starting Prometheus" version="(version=2.3.2, branch=HEAD, revision=71af5e29e815795e9dd14742ee7725682fa14b7b)"
level=info ts=2020-05-03T14:34:15.3116796Z caller=main.go:223 build_context="(go=go1.10.3, user=root@5258e0bd9cc1, date=20180712-14:02:52)"
level=info ts=2020-05-03T14:34:15.3120967Z caller=main.go:224 host_details="(Linux 4.19.76-linuxkit #1 SMP Fri Apr 3 15:53:26 UTC 2020 x86_64 manager (none))"
level=info ts=2020-05-03T14:34:15.3125291Z caller=main.go:225 fd_limits="(soft=1048576, hard=1048576)"
level=info ts=2020-05-03T14:34:15.3147869Z caller=main.go:533 msg="Starting TSDB ..."
level=info ts=2020-05-03T14:34:15.3148233Z caller=web.go:415 component=web msg="Start listening for connections" address=0.0.0.0:9090
level=info ts=2020-05-03T14:34:15.3410197Z caller=main.go:543 msg="TSDB started"
level=info ts=2020-05-03T14:34:15.3414606Z caller=main.go:603 msg="Loading configuration file" filename=/usr/local/src/prometheus/prometheus-2.3.2.linux-amd64/prometheus.yml
level=info ts=2020-05-03T14:34:15.3433422Z caller=main.go:629 msg="Completed loading of configuration file" filename=/usr/local/src/prometheus/prometheus-2.3.2.linux-amd64/prometheus.yml
level=info ts=2020-05-03T14:34:15.34401Z caller=main.go:502 msg="Server is ready to receive web requests."
level=info ts=2020-05-03T14:39:50.8333752Z caller=main.go:222 msg="Starting Prometheus" version="(version=2.3.2, branch=HEAD, revision=71af5e29e815795e9dd14742ee7725682fa14b7b)"
level=info ts=2020-05-03T14:39:50.8340869Z caller=main.go:223 build_context="(go=go1.10.3, user=root@5258e0bd9cc1, date=20180712-14:02:52)"
level=info ts=2020-05-03T14:39:50.8345146Z caller=main.go:224 host_details="(Linux 4.19.76-linuxkit #1 SMP Fri Apr 3 15:53:26 UTC 2020 x86_64 manager (none))"
level=info ts=2020-05-03T14:39:50.8349831Z caller=main.go:225 fd_limits="(soft=1048576, hard=1048576)"
level=info ts=2020-05-03T14:39:50.8377135Z caller=main.go:533 msg="Starting TSDB ..."
level=info ts=2020-05-03T14:39:50.8377838Z caller=web.go:415 component=web msg="Start listening for connections" address=0.0.0.0:9090
level=info ts=2020-05-03T14:39:50.8757826Z caller=main.go:543 msg="TSDB started"
level=info ts=2020-05-03T14:39:50.8763751Z caller=main.go:603 msg="Loading configuration file" filename=/usr/local/src/prometheus/prometheus-2.3.2.linux-amd64/prometheus.yml
level=info ts=2020-05-03T14:39:50.8777418Z caller=main.go:629 msg="Completed loading of configuration file" filename=/usr/local/src/prometheus/prometheus-2.3.2.linux-amd64/prometheus.yml
level=info ts=2020-05-03T14:39:50.878196Z caller=main.go:502 msg="Server is ready to receive web requests."
time="2020-05-03T23:40:33+09:00" level=info msg="Starting node_exporter (version=0.16.0, branch=HEAD, revision=d42bd70f4363dced6b77d8fc311ea57b63387e4f)" source="node_exporter.go:82"
time="2020-05-03T23:40:33+09:00" level=info msg="Build context (go=go1.9.6, user=root@a67a9bc13a69, date=20180515-15:52:42)" source="node_exporter.go:83"
time="2020-05-03T23:40:33+09:00" level=info msg="Enabled collectors:" source="node_exporter.go:90"
time="2020-05-03T23:40:33+09:00" level=info msg=" - arp" source="node_exporter.go:97"
time="2020-05-03T23:40:33+09:00" level=info msg=" - bcache" source="node_exporter.go:97"
time="2020-05-03T23:40:33+09:00" level=info msg=" - bonding" source="node_exporter.go:97"
time="2020-05-03T23:40:33+09:00" level=info msg=" - conntrack" source="node_exporter.go:97"
time="2020-05-03T23:40:33+09:00" level=info msg=" - cpu" source="node_exporter.go:97"
time="2020-05-03T23:40:33+09:00" level=info msg=" - diskstats" source="node_exporter.go:97"
time="2020-05-03T23:40:33+09:00" level=info msg=" - edac" source="node_exporter.go:97"
time="2020-05-03T23:40:33+09:00" level=info msg=" - entropy" source="node_exporter.go:97"
time="2020-05-03T23:40:33+09:00" level=info msg=" - filefd" source="node_exporter.go:97"
time="2020-05-03T23:40:33+09:00" level=info msg=" - filesystem" source="node_exporter.go:97"
time="2020-05-03T23:40:33+09:00" level=info msg=" - hwmon" source="node_exporter.go:97"
time="2020-05-03T23:40:33+09:00" level=info msg=" - infiniband" source="node_exporter.go:97"
time="2020-05-03T23:40:33+09:00" level=info msg=" - ipvs" source="node_exporter.go:97"
time="2020-05-03T23:40:33+09:00" level=info msg=" - loadavg" source="node_exporter.go:97"
time="2020-05-03T23:40:33+09:00" level=info msg=" - mdadm" source="node_exporter.go:97"
time="2020-05-03T23:40:33+09:00" level=info msg=" - meminfo" source="node_exporter.go:97"
time="2020-05-03T23:40:33+09:00" level=info msg=" - netdev" source="node_exporter.go:97"
time="2020-05-03T23:40:33+09:00" level=info msg=" - netstat" source="node_exporter.go:97"
time="2020-05-03T23:40:33+09:00" level=info msg=" - nfs" source="node_exporter.go:97"
time="2020-05-03T23:40:33+09:00" level=info msg=" - nfsd" source="node_exporter.go:97"
time="2020-05-03T23:40:33+09:00" level=info msg=" - sockstat" source="node_exporter.go:97"
time="2020-05-03T23:40:33+09:00" level=info msg=" - stat" source="node_exporter.go:97"
time="2020-05-03T23:40:33+09:00" level=info msg=" - textfile" source="node_exporter.go:97"
time="2020-05-03T23:40:33+09:00" level=info msg=" - time" source="node_exporter.go:97"
time="2020-05-03T23:40:33+09:00" level=info msg=" - timex" source="node_exporter.go:97"
time="2020-05-03T23:40:33+09:00" level=info msg=" - uname" source="node_exporter.go:97"
time="2020-05-03T23:40:33+09:00" level=info msg=" - vmstat" source="node_exporter.go:97"
time="2020-05-03T23:40:33+09:00" level=info msg=" - wifi" source="node_exporter.go:97"
time="2020-05-03T23:40:33+09:00" level=info msg=" - xfs" source="node_exporter.go:97"
time="2020-05-03T23:40:33+09:00" level=info msg=" - zfs" source="node_exporter.go:97"
time="2020-05-03T23:40:33+09:00" level=info msg="Listening on :9100" source="node_exporter.go:111"
time="2020-05-03T23:40:42+09:00" level=error msg="ERROR: diskstats collector failed after 0.001204s: invalid line for /proc/diskstats for nbd0" source="collector.go:132"
time="2020-05-03T23:40:57+09:00" level=error msg="ERROR: diskstats collector failed after 0.000893s: invalid line for /proc/diskstats for nbd1" source="collector.go:132"
time="2020-05-03T23:41:12+09:00" level=error msg="ERROR: diskstats collector failed after 0.000534s: invalid line for /proc/diskstats for nbd8" source="collector.go:132"
time="2020-05-03T23:41:27+09:00" level=error msg="ERROR: diskstats collector failed after 0.003179s: invalid line for /proc/diskstats for nbd4" source="collector.go:132"
time="2020-05-03T23:41:42+09:00" level=error msg="ERROR: diskstats collector failed after 0.000653s: invalid line for /proc/diskstats for nbd11" source="collector.go:132"
time="2020-05-03T23:41:57+09:00" level=error msg="ERROR: diskstats collector failed after 0.000434s: invalid line for /proc/diskstats for sr1" source="collector.go:132"
time="2020-05-03T23:42:12+09:00" level=error msg="ERROR: diskstats collector failed after 0.000994s: invalid line for /proc/diskstats for sr1" source="collector.go:132"
time="2020-05-03T23:42:27+09:00" level=error msg="ERROR: diskstats collector failed after 0.000607s: invalid line for /proc/diskstats for nbd12" source="collector.go:132"
time="2020-05-03T23:42:41+09:00" level=error msg="ERROR: diskstats collector failed after 0.004730s: invalid line for /proc/diskstats for vda" source="collector.go:132"
level=info ts=2020-05-03T14:44:57.3061066Z caller=main.go:222 msg="Starting Prometheus" version="(version=2.3.2, branch=HEAD, revision=71af5e29e815795e9dd14742ee7725682fa14b7b)"
level=info ts=2020-05-03T14:44:57.3071179Z caller=main.go:223 build_context="(go=go1.10.3, user=root@5258e0bd9cc1, date=20180712-14:02:52)"
level=info ts=2020-05-03T14:44:57.3074655Z caller=main.go:224 host_details="(Linux 4.19.76-linuxkit #1 SMP Fri Apr 3 15:53:26 UTC 2020 x86_64 manager (none))"
level=info ts=2020-05-03T14:44:57.3080388Z caller=main.go:225 fd_limits="(soft=1048576, hard=1048576)"
level=info ts=2020-05-03T14:44:57.3106406Z caller=main.go:533 msg="Starting TSDB ..."
level=info ts=2020-05-03T14:44:57.3106493Z caller=web.go:415 component=web msg="Start listening for connections" address=0.0.0.0:9090
level=info ts=2020-05-03T14:44:57.3532012Z caller=main.go:543 msg="TSDB started"
level=info ts=2020-05-03T14:44:57.3540338Z caller=main.go:603 msg="Loading configuration file" filename=/usr/local/src/prometheus/prometheus-2.3.2.linux-amd64/prometheus.yml
level=info ts=2020-05-03T14:44:57.3578075Z caller=main.go:629 msg="Completed loading of configuration file" filename=/usr/local/src/prometheus/prometheus-2.3.2.linux-amd64/prometheus.yml
level=info ts=2020-05-03T14:44:57.3613103Z caller=main.go:502 msg="Server is ready to receive web requests."
time="2020-05-03T23:45:10+09:00" level=error msg="ERROR: diskstats collector failed after 0.007518s: invalid line for /proc/diskstats for nbd4" source="collector.go:132"
time="2020-05-03T23:45:25+09:00" level=error msg="ERROR: diskstats collector failed after 0.006669s: invalid line for /proc/diskstats for nbd6" source="collector.go:132"
time="2020-05-03T23:45:40+09:00" level=error msg="ERROR: diskstats collector failed after 0.000709s: invalid line for /proc/diskstats for vda" source="collector.go:132"
time="2020-05-03T23:45:55+09:00" level=error msg="ERROR: diskstats collector failed after 0.000675s: invalid line for /proc/diskstats for nbd12" source="collector.go:132"
time="2020-05-03T23:46:10+09:00" level=error msg="ERROR: diskstats collector failed after 0.000557s: invalid line for /proc/diskstats for nbd11" source="collector.go:132"
time="2020-05-03T23:46:25+09:00" level=error msg="ERROR: diskstats collector failed after 0.000531s: invalid line for /proc/diskstats for nbd6" source="collector.go:132"
time="2020-05-03T23:46:40+09:00" level=error msg="ERROR: diskstats collector failed after 0.000816s: invalid line for /proc/diskstats for nbd3" source="collector.go:132"
time="2020-05-03T23:46:55+09:00" level=error msg="ERROR: diskstats collector failed after 0.000738s: invalid line for /proc/diskstats for nbd8" source="collector.go:132"
time="2020-05-03T23:47:10+09:00" level=error msg="ERROR: diskstats collector failed after 0.000540s: invalid line for /proc/diskstats for nbd10" source="collector.go:132"
time="2020-05-03T23:47:25+09:00" level=error msg="ERROR: diskstats collector failed after 0.000918s: invalid line for /proc/diskstats for nbd1" source="collector.go:132"
time="2020-05-03T23:47:40+09:00" level=error msg="ERROR: diskstats collector failed after 0.000638s: invalid line for /proc/diskstats for nbd7" source="collector.go:132"
time="2020-05-03T23:47:55+09:00" level=error msg="ERROR: diskstats collector failed after 0.002324s: invalid line for /proc/diskstats for nbd15" source="collector.go:132"
time="2020-05-03T23:48:10+09:00" level=error msg="ERROR: diskstats collector failed after 0.000745s: invalid line for /proc/diskstats for nbd3" source="collector.go:132"
time="2020-05-03T23:48:24+09:00" level=error msg="ERROR: diskstats collector failed after 0.001215s: invalid line for /proc/diskstats for nbd6" source="collector.go:132"
time="2020-05-03T23:48:39+09:00" level=error msg="ERROR: diskstats collector failed after 0.000461s: invalid line for /proc/diskstats for nbd3" source="collector.go:132"
time="2020-05-03T23:48:54+09:00" level=error msg="ERROR: diskstats collector failed after 0.000943s: invalid line for /proc/diskstats for nbd9" source="collector.go:132"
time="2020-05-03T23:49:09+09:00" level=error msg="ERROR: diskstats collector failed after 0.016026s: invalid line for /proc/diskstats for nbd11" source="collector.go:132"
time="2020-05-03T23:49:24+09:00" level=error msg="ERROR: diskstats collector failed after 0.000714s: invalid line for /proc/diskstats for nbd8" source="collector.go:132"
time="2020-05-03T23:49:39+09:00" level=error msg="ERROR: diskstats collector failed after 0.000842s: invalid line for /proc/diskstats for nbd4" source="collector.go:132"
time="2020-05-03T23:49:54+09:00" level=error msg="ERROR: diskstats collector failed after 0.000794s: invalid line for /proc/diskstats for nbd14" source="collector.go:132"
time="2020-05-03T23:50:09+09:00" level=error msg="ERROR: diskstats collector failed after 0.000504s: invalid line for /proc/diskstats for nbd4" source="collector.go:132"
time="2020-05-03T23:50:24+09:00" level=error msg="ERROR: diskstats collector failed after 0.000686s: invalid line for /proc/diskstats for nbd1" source="collector.go:132"
time="2020-05-03T23:50:39+09:00" level=error msg="ERROR: diskstats collector failed after 0.000601s: invalid line for /proc/diskstats for nbd2" source="collector.go:132"
time="2020-05-03T23:50:54+09:00" level=error msg="ERROR: diskstats collector failed after 0.000917s: invalid line for /proc/diskstats for nbd2" source="collector.go:132"
time="2020-05-03T23:51:09+09:00" level=error msg="ERROR: diskstats collector failed after 0.000490s: invalid line for /proc/diskstats for nbd13" source="collector.go:132"
time="2020-05-03T23:51:24+09:00" level=error msg="ERROR: diskstats collector failed after 0.001071s: invalid line for /proc/diskstats for nbd8" source="collector.go:132"
time="2020-05-03T23:51:39+09:00" level=error msg="ERROR: diskstats collector failed after 0.000839s: invalid line for /proc/diskstats for nbd3" source="collector.go:132"
time="2020-05-03T23:51:54+09:00" level=error msg="ERROR: diskstats collector failed after 0.000859s: invalid line for /proc/diskstats for nbd1" source="collector.go:132"
time="2020-05-03T23:52:09+09:00" level=error msg="ERROR: diskstats collector failed after 0.000652s: invalid line for /proc/diskstats for nbd3" source="collector.go:132"
time="2020-05-03T23:52:24+09:00" level=error msg="ERROR: diskstats collector failed after 0.001303s: invalid line for /proc/diskstats for nbd3" source="collector.go:132"
time="2020-05-03T23:52:39+09:00" level=error msg="ERROR: diskstats collector failed after 0.000769s: invalid line for /proc/diskstats for nbd1" source="collector.go:132"
time="2020-05-03T23:52:54+09:00" level=error msg="ERROR: diskstats collector failed after 0.002279s: invalid line for /proc/diskstats for nbd14" source="collector.go:132"
time="2020-05-03T23:53:09+09:00" level=error msg="ERROR: diskstats collector failed after 0.003951s: invalid line for /proc/diskstats for nbd7" source="collector.go:132"
time="2020-05-03T23:53:24+09:00" level=error msg="ERROR: diskstats collector failed after 0.001747s: invalid line for /proc/diskstats for nbd2" source="collector.go:132"
time="2020-05-03T23:53:39+09:00" level=error msg="ERROR: diskstats collector failed after 0.000591s: invalid line for /proc/diskstats for nbd1" source="collector.go:132"
time="2020-05-03T23:53:54+09:00" level=error msg="ERROR: diskstats collector failed after 0.000420s: invalid line for /proc/diskstats for nbd11" source="collector.go:132"
time="2020-05-03T23:54:09+09:00" level=error msg="ERROR: diskstats collector failed after 0.000493s: invalid line for /proc/diskstats for nbd1" source="collector.go:132"
time="2020-05-03T23:54:24+09:00" level=error msg="ERROR: diskstats collector failed after 0.000500s: invalid line for /proc/diskstats for nbd5" source="collector.go:132"
time="2020-05-03T23:54:39+09:00" level=error msg="ERROR: diskstats collector failed after 0.000534s: invalid line for /proc/diskstats for nbd13" source="collector.go:132"
time="2020-05-03T23:54:54+09:00" level=error msg="ERROR: diskstats collector failed after 0.000624s: invalid line for /proc/diskstats for nbd13" source="collector.go:132"
time="2020-05-03T23:55:09+09:00" level=error msg="ERROR: diskstats collector failed after 0.001900s: invalid line for /proc/diskstats for nbd13" source="collector.go:132"
time="2020-05-03T23:55:24+09:00" level=error msg="ERROR: diskstats collector failed after 0.000924s: invalid line for /proc/diskstats for nbd5" source="collector.go:132"
time="2020-05-03T23:55:39+09:00" level=error msg="ERROR: diskstats collector failed after 0.000723s: invalid line for /proc/diskstats for nbd13" source="collector.go:132"
time="2020-05-03T23:55:54+09:00" level=error msg="ERROR: diskstats collector failed after 0.000960s: invalid line for /proc/diskstats for nbd7" source="collector.go:132"
time="2020-05-03T23:56:09+09:00" level=error msg="ERROR: diskstats collector failed after 0.000727s: invalid line for /proc/diskstats for nbd2" source="collector.go:132"
time="2020-05-03T23:56:24+09:00" level=error msg="ERROR: diskstats collector failed after 0.001407s: invalid line for /proc/diskstats for nbd14" source="collector.go:132"
time="2020-05-03T23:56:39+09:00" level=error msg="ERROR: diskstats collector failed after 0.001879s: invalid line for /proc/diskstats for nbd1" source="collector.go:132"
time="2020-05-03T23:56:54+09:00" level=error msg="ERROR: diskstats collector failed after 0.000787s: invalid line for /proc/diskstats for nbd12" source="collector.go:132"
time="2020-05-03T23:57:09+09:00" level=error msg="ERROR: diskstats collector failed after 0.000690s: invalid line for /proc/diskstats for nbd3" source="collector.go:132"
time="2020-05-03T23:57:24+09:00" level=error msg="ERROR: diskstats collector failed after 0.001993s: invalid line for /proc/diskstats for nbd0" source="collector.go:132"
time="2020-05-03T23:57:39+09:00" level=error msg="ERROR: diskstats collector failed after 0.000510s: invalid line for /proc/diskstats for nbd2" source="collector.go:132"
time="2020-05-03T23:57:54+09:00" level=error msg="ERROR: diskstats collector failed after 0.001317s: invalid line for /proc/diskstats for nbd1" source="collector.go:132"
time="2020-05-03T23:58:09+09:00" level=error msg="ERROR: diskstats collector failed after 0.001800s: invalid line for /proc/diskstats for nbd8" source="collector.go:132"
time="2020-05-03T23:58:24+09:00" level=error msg="ERROR: diskstats collector failed after 0.000542s: invalid line for /proc/diskstats for sr0" source="collector.go:132"
time="2020-05-03T23:58:39+09:00" level=error msg="ERROR: diskstats collector failed after 0.000443s: invalid line for /proc/diskstats for nbd9" source="collector.go:132"
time="2020-05-03T23:58:54+09:00" level=error msg="ERROR: diskstats collector failed after 0.000501s: invalid line for /proc/diskstats for nbd1" source="collector.go:132"
time="2020-05-03T23:59:09+09:00" level=error msg="ERROR: diskstats collector failed after 0.000623s: invalid line for /proc/diskstats for sr0" source="collector.go:132"
time="2020-05-03T23:59:24+09:00" level=error msg="ERROR: diskstats collector failed after 0.000992s: invalid line for /proc/diskstats for nbd0" source="collector.go:132"
time="2020-05-03T23:59:39+09:00" level=error msg="ERROR: diskstats collector failed after 0.000851s: invalid line for /proc/diskstats for nbd12" source="collector.go:132"
time="2020-05-03T23:59:54+09:00" level=error msg="ERROR: diskstats collector failed after 0.000678s: invalid line for /proc/diskstats for nbd2" source="collector.go:132"
time="2020-05-04T00:00:09+09:00" level=error msg="ERROR: diskstats collector failed after 0.000968s: invalid line for /proc/diskstats for nbd2" source="collector.go:132"
time="2020-05-04T00:00:24+09:00" level=error msg="ERROR: diskstats collector failed after 0.000973s: invalid line for /proc/diskstats for nbd8" source="collector.go:132"
time="2020-05-04T00:00:39+09:00" level=error msg="ERROR: diskstats collector failed after 0.000531s: invalid line for /proc/diskstats for nbd1" source="collector.go:132"
time="2020-05-04T00:00:54+09:00" level=error msg="ERROR: diskstats collector failed after 0.000747s: invalid line for /proc/diskstats for nbd8" source="collector.go:132"
time="2020-05-04T00:01:09+09:00" level=error msg="ERROR: diskstats collector failed after 0.000774s: invalid line for /proc/diskstats for nbd8" source="collector.go:132"
time="2020-05-04T00:01:24+09:00" level=error msg="ERROR: diskstats collector failed after 0.000497s: invalid line for /proc/diskstats for nbd12" source="collector.go:132"
time="2020-05-04T00:01:39+09:00" level=error msg="ERROR: diskstats collector failed after 0.000794s: invalid line for /proc/diskstats for nbd14" source="collector.go:132"
time="2020-05-04T00:01:54+09:00" level=error msg="ERROR: diskstats collector failed after 0.001156s: invalid line for /proc/diskstats for nbd9" source="collector.go:132"
time="2020-05-04T00:02:09+09:00" level=error msg="ERROR: diskstats collector failed after 0.000844s: invalid line for /proc/diskstats for nbd0" source="collector.go:132"
time="2020-05-04T00:02:24+09:00" level=error msg="ERROR: diskstats collector failed after 0.000690s: invalid line for /proc/diskstats for nbd2" source="collector.go:132"
time="2020-05-04T00:02:39+09:00" level=error msg="ERROR: diskstats collector failed after 0.000738s: invalid line for /proc/diskstats for nbd1" source="collector.go:132"
time="2020-05-04T00:02:53+09:00" level=error msg="ERROR: diskstats collector failed after 0.001133s: invalid line for /proc/diskstats for nbd14" source="collector.go:132"
time="2020-05-04T00:03:08+09:00" level=error msg="ERROR: diskstats collector failed after 0.001144s: invalid line for /proc/diskstats for nbd3" source="collector.go:132"
time="2020-05-04T00:03:23+09:00" level=error msg="ERROR: diskstats collector failed after 0.001669s: invalid line for /proc/diskstats for nbd15" source="collector.go:132"
time="2020-05-04T00:03:38+09:00" level=error msg="ERROR: diskstats collector failed after 0.000911s: invalid line for /proc/diskstats for nbd5" source="collector.go:132"
time="2020-05-04T00:04:13+09:00" level=error msg="ERROR: diskstats collector failed after 0.000553s: invalid line for /proc/diskstats for nbd1" source="collector.go:132"
time="2020-05-04T00:04:45+09:00" level=error msg="ERROR: diskstats collector failed after 0.000461s: invalid line for /proc/diskstats for vda" source="collector.go:132"
level=info ts=2020-05-03T15:07:13.5367428Z caller=main.go:222 msg="Starting Prometheus" version="(version=2.3.2, branch=HEAD, revision=71af5e29e815795e9dd14742ee7725682fa14b7b)"
level=info ts=2020-05-03T15:07:13.5390733Z caller=main.go:223 build_context="(go=go1.10.3, user=root@5258e0bd9cc1, date=20180712-14:02:52)"
level=info ts=2020-05-03T15:07:13.5399311Z caller=main.go:224 host_details="(Linux 4.19.76-linuxkit #1 SMP Fri Apr 3 15:53:26 UTC 2020 x86_64 manager (none))"
level=info ts=2020-05-03T15:07:13.5407894Z caller=main.go:225 fd_limits="(soft=1048576, hard=1048576)"
level=info ts=2020-05-03T15:07:13.5434456Z caller=main.go:533 msg="Starting TSDB ..."
level=info ts=2020-05-03T15:07:13.5434647Z caller=web.go:415 component=web msg="Start listening for connections" address=0.0.0.0:9090
level=info ts=2020-05-03T15:07:13.5671512Z caller=main.go:543 msg="TSDB started"
level=info ts=2020-05-03T15:07:13.5678797Z caller=main.go:603 msg="Loading configuration file" filename=/usr/local/src/prometheus/prometheus-2.3.2.linux-amd64/prometheus.yml
level=info ts=2020-05-03T15:07:13.5711725Z caller=main.go:629 msg="Completed loading of configuration file" filename=/usr/local/src/prometheus/prometheus-2.3.2.linux-amd64/prometheus.yml
level=info ts=2020-05-03T15:07:13.5718848Z caller=main.go:502 msg="Server is ready to receive web requests."
